{"/home/aarav/Projects/python_projects/localmind/desktop-app/src/App.tsx": {"path":"/home/aarav/Projects/python_projects/localmind/desktop-app/src/App.tsx","statementMap":{"0":{"start":{"line":8,"column":20},"end":{"line":8,"column":null}},"1":{"start":{"line":10,"column":2},"end":{"line":84,"column":null}},"2":{"start":{"line":40,"column":27},"end":{"line":40,"column":null}},"3":{"start":{"line":46,"column":27},"end":{"line":46,"column":null}},"4":{"start":{"line":52,"column":27},"end":{"line":52,"column":null}},"5":{"start":{"line":89,"column":2},"end":{"line":99,"column":null}}},"fnMap":{"0":{"name":"App","decl":{"start":{"line":7,"column":9},"end":{"line":7,"column":15}},"loc":{"start":{"line":7,"column":15},"end":{"line":86,"column":null}},"line":7},"1":{"name":"(anonymous_1)","decl":{"start":{"line":40,"column":12},"end":{"line":40,"column":27}},"loc":{"start":{"line":40,"column":27},"end":{"line":40,"column":null}},"line":40},"2":{"name":"(anonymous_2)","decl":{"start":{"line":46,"column":12},"end":{"line":46,"column":27}},"loc":{"start":{"line":46,"column":27},"end":{"line":46,"column":null}},"line":46},"3":{"name":"(anonymous_3)","decl":{"start":{"line":52,"column":12},"end":{"line":52,"column":27}},"loc":{"start":{"line":52,"column":27},"end":{"line":52,"column":null}},"line":52},"4":{"name":"NavButton","decl":{"start":{"line":88,"column":9},"end":{"line":88,"column":19}},"loc":{"start":{"line":88,"column":133},"end":{"line":101,"column":null}},"line":88}},"branchMap":{"0":{"loc":{"start":{"line":61,"column":62},"end":{"line":61,"column":null}},"type":"binary-expr","locations":[{"start":{"line":61,"column":62},"end":{"line":61,"column":86}},{"start":{"line":61,"column":86},"end":{"line":61,"column":null}}],"line":61},"1":{"loc":{"start":{"line":66,"column":65},"end":{"line":66,"column":null}},"type":"cond-expr","locations":[{"start":{"line":66,"column":88},"end":{"line":66,"column":107}},{"start":{"line":66,"column":107},"end":{"line":66,"column":null}}],"line":66},"2":{"loc":{"start":{"line":67,"column":13},"end":{"line":67,"column":null}},"type":"cond-expr","locations":[{"start":{"line":67,"column":38},"end":{"line":67,"column":57}},{"start":{"line":67,"column":56},"end":{"line":67,"column":null}}],"line":67},"3":{"loc":{"start":{"line":92,"column":78},"end":{"line":92,"column":null}},"type":"cond-expr","locations":[{"start":{"line":92,"column":87},"end":{"line":92,"column":120}},{"start":{"line":92,"column":120},"end":{"line":92,"column":null}}],"line":92},"4":{"loc":{"start":{"line":96,"column":7},"end":{"line":99,"column":null}},"type":"binary-expr","locations":[{"start":{"line":96,"column":7},"end":{"line":96,"column":null}},{"start":{"line":97,"column":8},"end":{"line":99,"column":null}}],"line":96}},"s":{"0":4,"1":4,"2":0,"3":1,"4":1,"5":12},"f":{"0":4,"1":0,"2":1,"3":1,"4":12},"b":{"0":[4,2],"1":[2,2],"2":[1,3],"3":[4,8],"4":[12,4]},"meta":{"lastBranch":5,"lastFunction":5,"lastStatement":6,"seen":{"f:7:9:7:15":0,"s:8:20:8:Infinity":0,"s:10:2:84:Infinity":1,"f:40:12:40:27":1,"s:40:27:40:Infinity":2,"f:46:12:46:27":2,"s:46:27:46:Infinity":3,"f:52:12:52:27":3,"s:52:27:52:Infinity":4,"b:61:62:61:86:61:86:61:Infinity":0,"b:66:88:66:107:66:107:66:Infinity":1,"b:67:38:67:57:67:56:67:Infinity":2,"f:88:9:88:19":4,"s:89:2:99:Infinity":5,"b:92:87:92:120:92:120:92:Infinity":3,"b:96:7:96:Infinity:97:8:99:Infinity":4},"fnNames":{}}}
,"/home/aarav/Projects/python_projects/localmind/desktop-app/src/components/ChatPanel.tsx": {"path":"/home/aarav/Projects/python_projects/localmind/desktop-app/src/components/ChatPanel.tsx","statementMap":{"0":{"start":{"line":7,"column":47},"end":{"line":7,"column":null}},"1":{"start":{"line":8,"column":16},"end":{"line":8,"column":null}},"2":{"start":{"line":9,"column":8},"end":{"line":9,"column":null}},"3":{"start":{"line":11,"column":2},"end":{"line":13,"column":null}},"4":{"start":{"line":12,"column":4},"end":{"line":12,"column":null}},"5":{"start":{"line":15,"column":8},"end":{"line":20,"column":null}},"6":{"start":{"line":16,"column":4},"end":{"line":16,"column":null}},"7":{"start":{"line":17,"column":4},"end":{"line":17,"column":null}},"8":{"start":{"line":17,"column":23},"end":{"line":17,"column":null}},"9":{"start":{"line":18,"column":4},"end":{"line":18,"column":null}},"10":{"start":{"line":19,"column":4},"end":{"line":19,"column":null}},"11":{"start":{"line":22,"column":2},"end":{"line":139,"column":null}},"12":{"start":{"line":47,"column":12},"end":{"line":99,"column":null}},"13":{"start":{"line":125,"column":29},"end":{"line":125,"column":null}}},"fnMap":{"0":{"name":"ChatPanel","decl":{"start":{"line":6,"column":24},"end":{"line":6,"column":36}},"loc":{"start":{"line":6,"column":36},"end":{"line":141,"column":null}},"line":6},"1":{"name":"(anonymous_1)","decl":{"start":{"line":11,"column":2},"end":{"line":11,"column":18}},"loc":{"start":{"line":11,"column":18},"end":{"line":13,"column":5}},"line":11},"2":{"name":"(anonymous_2)","decl":{"start":{"line":15,"column":8},"end":{"line":15,"column":22}},"loc":{"start":{"line":15,"column":45},"end":{"line":20,"column":null}},"line":15},"3":{"name":"(anonymous_3)","decl":{"start":{"line":46,"column":20},"end":{"line":46,"column":25}},"loc":{"start":{"line":47,"column":12},"end":{"line":99,"column":null}},"line":47},"4":{"name":"(anonymous_4)","decl":{"start":{"line":125,"column":12},"end":{"line":125,"column":23}},"loc":{"start":{"line":125,"column":29},"end":{"line":125,"column":null}},"line":125}},"branchMap":{"0":{"loc":{"start":{"line":17,"column":4},"end":{"line":17,"column":null}},"type":"if","locations":[{"start":{"line":17,"column":4},"end":{"line":17,"column":null}},{"start":{},"end":{}}],"line":17},"1":{"loc":{"start":{"line":29,"column":9},"end":{"line":34,"column":null}},"type":"binary-expr","locations":[{"start":{"line":29,"column":9},"end":{"line":29,"column":null}},{"start":{"line":30,"column":10},"end":{"line":34,"column":null}}],"line":29},"2":{"loc":{"start":{"line":37,"column":9},"end":{"line":42,"column":null}},"type":"binary-expr","locations":[{"start":{"line":37,"column":9},"end":{"line":37,"column":null}},{"start":{"line":38,"column":10},"end":{"line":42,"column":null}}],"line":37},"3":{"loc":{"start":{"line":51,"column":39},"end":{"line":51,"column":null}},"type":"cond-expr","locations":[{"start":{"line":51,"column":61},"end":{"line":51,"column":82}},{"start":{"line":51,"column":82},"end":{"line":51,"column":null}}],"line":51},"4":{"loc":{"start":{"line":54,"column":16},"end":{"line":55,"column":null}},"type":"cond-expr","locations":[{"start":{"line":54,"column":38},"end":{"line":54,"column":null}},{"start":{"line":55,"column":16},"end":{"line":55,"column":null}}],"line":54},"5":{"loc":{"start":{"line":55,"column":16},"end":{"line":55,"column":null}},"type":"cond-expr","locations":[{"start":{"line":55,"column":38},"end":{"line":55,"column":56}},{"start":{"line":55,"column":56},"end":{"line":55,"column":null}}],"line":55},"6":{"loc":{"start":{"line":57,"column":17},"end":{"line":57,"column":null}},"type":"cond-expr","locations":[{"start":{"line":57,"column":39},"end":{"line":57,"column":45}},{"start":{"line":57,"column":45},"end":{"line":57,"column":null}}],"line":57},"7":{"loc":{"start":{"line":57,"column":45},"end":{"line":57,"column":null}},"type":"cond-expr","locations":[{"start":{"line":57,"column":67},"end":{"line":57,"column":73}},{"start":{"line":57,"column":73},"end":{"line":57,"column":null}}],"line":57},"8":{"loc":{"start":{"line":60,"column":59},"end":{"line":60,"column":null}},"type":"cond-expr","locations":[{"start":{"line":60,"column":81},"end":{"line":60,"column":95}},{"start":{"line":60,"column":95},"end":{"line":60,"column":null}}],"line":60},"9":{"loc":{"start":{"line":61,"column":17},"end":{"line":96,"column":null}},"type":"cond-expr","locations":[{"start":{"line":62,"column":18},"end":{"line":87,"column":19}},{"start":{"line":87,"column":18},"end":{"line":96,"column":null}}],"line":61},"10":{"loc":{"start":{"line":67,"column":21},"end":{"line":78,"column":null}},"type":"binary-expr","locations":[{"start":{"line":67,"column":21},"end":{"line":67,"column":null}},{"start":{"line":68,"column":22},"end":{"line":78,"column":null}}],"line":67},"11":{"loc":{"start":{"line":69,"column":25},"end":{"line":76,"column":null}},"type":"cond-expr","locations":[{"start":{"line":70,"column":26},"end":{"line":72,"column":27}},{"start":{"line":72,"column":26},"end":{"line":76,"column":null}}],"line":69},"12":{"loc":{"start":{"line":73,"column":29},"end":{"line":75,"column":null}},"type":"cond-expr","locations":[{"start":{"line":74,"column":32},"end":{"line":74,"column":null}},{"start":{"line":75,"column":32},"end":{"line":75,"column":null}}],"line":73},"13":{"loc":{"start":{"line":80,"column":21},"end":{"line":83,"column":null}},"type":"binary-expr","locations":[{"start":{"line":80,"column":21},"end":{"line":80,"column":null}},{"start":{"line":81,"column":22},"end":{"line":83,"column":null}}],"line":80},"14":{"loc":{"start":{"line":88,"column":20},"end":{"line":90,"column":null}},"type":"cond-expr","locations":[{"start":{"line":89,"column":24},"end":{"line":89,"column":null}},{"start":{"line":90,"column":24},"end":{"line":90,"column":null}}],"line":88},"15":{"loc":{"start":{"line":93,"column":21},"end":{"line":96,"column":null}},"type":"binary-expr","locations":[{"start":{"line":93,"column":21},"end":{"line":93,"column":null}},{"start":{"line":94,"column":22},"end":{"line":96,"column":null}}],"line":93},"16":{"loc":{"start":{"line":102,"column":11},"end":{"line":116,"column":null}},"type":"binary-expr","locations":[{"start":{"line":102,"column":11},"end":{"line":102,"column":null}},{"start":{"line":103,"column":12},"end":{"line":116,"column":null}}],"line":102},"17":{"loc":{"start":{"line":127,"column":25},"end":{"line":127,"column":null}},"type":"cond-expr","locations":[{"start":{"line":127,"column":40},"end":{"line":127,"column":68}},{"start":{"line":127,"column":68},"end":{"line":127,"column":null}}],"line":127},"18":{"loc":{"start":{"line":132,"column":22},"end":{"line":132,"column":null}},"type":"binary-expr","locations":[{"start":{"line":132,"column":22},"end":{"line":132,"column":38}},{"start":{"line":132,"column":38},"end":{"line":132,"column":null}}],"line":132}},"s":{"0":4,"1":4,"2":4,"3":4,"4":4,"5":4,"6":0,"7":0,"8":0,"9":0,"10":0,"11":4,"12":0,"13":0},"f":{"0":4,"1":4,"2":0,"3":0,"4":0},"b":{"0":[0,0],"1":[4,0],"2":[4,4],"3":[0,0],"4":[0,0],"5":[0,0],"6":[0,0],"7":[0,0],"8":[0,0],"9":[0,0],"10":[0,0],"11":[0,0],"12":[0,0],"13":[0,0],"14":[0,0],"15":[0,0],"16":[4,0],"17":[0,4],"18":[4,4]},"meta":{"lastBranch":19,"lastFunction":5,"lastStatement":14,"seen":{"f:6:24:6:36":0,"s:7:47:7:Infinity":0,"s:8:16:8:Infinity":1,"s:9:8:9:Infinity":2,"s:11:2:13:Infinity":3,"f:11:2:11:18":1,"s:12:4:12:Infinity":4,"s:15:8:20:Infinity":5,"f:15:8:15:22":2,"s:16:4:16:Infinity":6,"b:17:4:17:Infinity:undefined:undefined:undefined:undefined":0,"s:17:4:17:Infinity":7,"s:17:23:17:Infinity":8,"s:18:4:18:Infinity":9,"s:19:4:19:Infinity":10,"s:22:2:139:Infinity":11,"b:29:9:29:Infinity:30:10:34:Infinity":1,"b:37:9:37:Infinity:38:10:42:Infinity":2,"f:46:20:46:25":3,"s:47:12:99:Infinity":12,"b:51:61:51:82:51:82:51:Infinity":3,"b:54:38:54:Infinity:55:16:55:Infinity":4,"b:55:38:55:56:55:56:55:Infinity":5,"b:57:39:57:45:57:45:57:Infinity":6,"b:57:67:57:73:57:73:57:Infinity":7,"b:60:81:60:95:60:95:60:Infinity":8,"b:62:18:87:19:87:18:96:Infinity":9,"b:67:21:67:Infinity:68:22:78:Infinity":10,"b:70:26:72:27:72:26:76:Infinity":11,"b:74:32:74:Infinity:75:32:75:Infinity":12,"b:80:21:80:Infinity:81:22:83:Infinity":13,"b:89:24:89:Infinity:90:24:90:Infinity":14,"b:93:21:93:Infinity:94:22:96:Infinity":15,"b:102:11:102:Infinity:103:12:116:Infinity":16,"f:125:12:125:23":4,"s:125:29:125:Infinity":13,"b:127:40:127:68:127:68:127:Infinity":17,"b:132:22:132:38:132:38:132:Infinity":18},"fnNames":{}}}
,"/home/aarav/Projects/python_projects/localmind/desktop-app/src/components/ContextPanel.tsx": {"path":"/home/aarav/Projects/python_projects/localmind/desktop-app/src/components/ContextPanel.tsx","statementMap":{"0":{"start":{"line":6,"column":19},"end":{"line":6,"column":null}},"1":{"start":{"line":8,"column":23},"end":{"line":11,"column":null}},"2":{"start":{"line":9,"column":17},"end":{"line":9,"column":null}},"3":{"start":{"line":10,"column":4},"end":{"line":10,"column":null}},"4":{"start":{"line":10,"column":14},"end":{"line":10,"column":null}},"5":{"start":{"line":14,"column":2},"end":{"line":18,"column":null}},"6":{"start":{"line":15,"column":4},"end":{"line":15,"column":null}},"7":{"start":{"line":16,"column":21},"end":{"line":16,"column":null}},"8":{"start":{"line":17,"column":4},"end":{"line":17,"column":null}},"9":{"start":{"line":17,"column":17},"end":{"line":17,"column":null}},"10":{"start":{"line":20,"column":2},"end":{"line":27,"column":null}},"11":{"start":{"line":21,"column":4},"end":{"line":25,"column":null}},"12":{"start":{"line":29,"column":74},"end":{"line":29,"column":null}},"13":{"start":{"line":31,"column":2},"end":{"line":97,"column":null}},"14":{"start":{"line":75,"column":12},"end":{"line":88,"column":null}}},"fnMap":{"0":{"name":"ContextPanel","decl":{"start":{"line":5,"column":24},"end":{"line":5,"column":39}},"loc":{"start":{"line":5,"column":39},"end":{"line":99,"column":null}},"line":5},"1":{"name":"(anonymous_1)","decl":{"start":{"line":8,"column":23},"end":{"line":8,"column":35}},"loc":{"start":{"line":8,"column":35},"end":{"line":11,"column":null}},"line":8},"2":{"name":"(anonymous_2)","decl":{"start":{"line":14,"column":2},"end":{"line":14,"column":18}},"loc":{"start":{"line":14,"column":18},"end":{"line":18,"column":5}},"line":14},"3":{"name":"(anonymous_3)","decl":{"start":{"line":17,"column":4},"end":{"line":17,"column":17}},"loc":{"start":{"line":17,"column":17},"end":{"line":17,"column":null}},"line":17},"4":{"name":"(anonymous_4)","decl":{"start":{"line":74,"column":30},"end":{"line":74,"column":35}},"loc":{"start":{"line":75,"column":12},"end":{"line":88,"column":null}},"line":75}},"branchMap":{"0":{"loc":{"start":{"line":10,"column":4},"end":{"line":10,"column":null}},"type":"if","locations":[{"start":{"line":10,"column":4},"end":{"line":10,"column":null}},{"start":{},"end":{}}],"line":10},"1":{"loc":{"start":{"line":20,"column":2},"end":{"line":27,"column":null}},"type":"if","locations":[{"start":{"line":20,"column":2},"end":{"line":27,"column":null}},{"start":{},"end":{}}],"line":20},"2":{"loc":{"start":{"line":48,"column":48},"end":{"line":48,"column":null}},"type":"cond-expr","locations":[{"start":{"line":48,"column":69},"end":{"line":48,"column":89}},{"start":{"line":48,"column":89},"end":{"line":48,"column":null}}],"line":48},"3":{"loc":{"start":{"line":56,"column":61},"end":{"line":56,"column":null}},"type":"cond-expr","locations":[{"start":{"line":56,"column":82},"end":{"line":56,"column":100}},{"start":{"line":56,"column":100},"end":{"line":56,"column":null}}],"line":56},"4":{"loc":{"start":{"line":61,"column":9},"end":{"line":67,"column":null}},"type":"binary-expr","locations":[{"start":{"line":61,"column":9},"end":{"line":61,"column":null}},{"start":{"line":62,"column":10},"end":{"line":67,"column":null}}],"line":61},"5":{"loc":{"start":{"line":78,"column":18},"end":{"line":80,"column":null}},"type":"cond-expr","locations":[{"start":{"line":78,"column":42},"end":{"line":78,"column":null}},{"start":{"line":79,"column":18},"end":{"line":80,"column":null}}],"line":78},"6":{"loc":{"start":{"line":79,"column":18},"end":{"line":80,"column":null}},"type":"cond-expr","locations":[{"start":{"line":79,"column":40},"end":{"line":79,"column":null}},{"start":{"line":80,"column":18},"end":{"line":80,"column":null}}],"line":79},"7":{"loc":{"start":{"line":80,"column":18},"end":{"line":80,"column":null}},"type":"cond-expr","locations":[{"start":{"line":80,"column":45},"end":{"line":80,"column":64}},{"start":{"line":80,"column":64},"end":{"line":80,"column":null}}],"line":80},"8":{"loc":{"start":{"line":90,"column":11},"end":{"line":95,"column":null}},"type":"binary-expr","locations":[{"start":{"line":90,"column":11},"end":{"line":90,"column":null}},{"start":{"line":91,"column":12},"end":{"line":95,"column":null}}],"line":90}},"s":{"0":3,"1":3,"2":3,"3":3,"4":0,"5":3,"6":3,"7":3,"8":3,"9":3,"10":3,"11":3,"12":0,"13":0,"14":0},"f":{"0":3,"1":3,"2":3,"3":3,"4":0},"b":{"0":[0,3],"1":[3,0],"2":[0,0],"3":[0,0],"4":[3,0],"5":[0,0],"6":[0,0],"7":[0,0],"8":[3,0]},"meta":{"lastBranch":9,"lastFunction":5,"lastStatement":15,"seen":{"f:5:24:5:39":0,"s:6:19:6:Infinity":0,"s:8:23:11:Infinity":1,"f:8:23:8:35":1,"s:9:17:9:Infinity":2,"b:10:4:10:Infinity:undefined:undefined:undefined:undefined":0,"s:10:4:10:Infinity":3,"s:10:14:10:Infinity":4,"s:14:2:18:Infinity":5,"f:14:2:14:18":2,"s:15:4:15:Infinity":6,"s:16:21:16:Infinity":7,"s:17:4:17:Infinity":8,"f:17:4:17:17":3,"s:17:17:17:Infinity":9,"b:20:2:27:Infinity:undefined:undefined:undefined:undefined":1,"s:20:2:27:Infinity":10,"s:21:4:25:Infinity":11,"s:29:74:29:Infinity":12,"s:31:2:97:Infinity":13,"b:48:69:48:89:48:89:48:Infinity":2,"b:56:82:56:100:56:100:56:Infinity":3,"b:61:9:61:Infinity:62:10:67:Infinity":4,"f:74:30:74:35":4,"s:75:12:88:Infinity":14,"b:78:42:78:Infinity:79:18:80:Infinity":5,"b:79:40:79:Infinity:80:18:80:Infinity":6,"b:80:45:80:64:80:64:80:Infinity":7,"b:90:11:90:Infinity:91:12:95:Infinity":8},"fnNames":{}}}
,"/home/aarav/Projects/python_projects/localmind/desktop-app/src/components/MemoryPanel.tsx": {"path":"/home/aarav/Projects/python_projects/localmind/desktop-app/src/components/MemoryPanel.tsx","statementMap":{"0":{"start":{"line":6,"column":19},"end":{"line":6,"column":null}},"1":{"start":{"line":7,"column":18},"end":{"line":7,"column":null}},"2":{"start":{"line":8,"column":17},"end":{"line":8,"column":null}},"3":{"start":{"line":10,"column":2},"end":{"line":12,"column":null}},"4":{"start":{"line":11,"column":4},"end":{"line":11,"column":null}},"5":{"start":{"line":14,"column":24},"end":{"line":23,"column":null}},"6":{"start":{"line":15,"column":4},"end":{"line":15,"column":null}},"7":{"start":{"line":16,"column":4},"end":{"line":21,"column":null}},"8":{"start":{"line":17,"column":19},"end":{"line":17,"column":null}},"9":{"start":{"line":18,"column":6},"end":{"line":18,"column":null}},"10":{"start":{"line":20,"column":6},"end":{"line":20,"column":null}},"11":{"start":{"line":22,"column":4},"end":{"line":22,"column":null}},"12":{"start":{"line":25,"column":23},"end":{"line":39,"column":null}},"13":{"start":{"line":26,"column":4},"end":{"line":26,"column":null}},"14":{"start":{"line":27,"column":4},"end":{"line":30,"column":null}},"15":{"start":{"line":28,"column":6},"end":{"line":28,"column":null}},"16":{"start":{"line":29,"column":6},"end":{"line":29,"column":null}},"17":{"start":{"line":31,"column":4},"end":{"line":31,"column":null}},"18":{"start":{"line":32,"column":4},"end":{"line":37,"column":null}},"19":{"start":{"line":33,"column":19},"end":{"line":33,"column":null}},"20":{"start":{"line":34,"column":6},"end":{"line":34,"column":null}},"21":{"start":{"line":36,"column":6},"end":{"line":36,"column":null}},"22":{"start":{"line":38,"column":4},"end":{"line":38,"column":null}},"23":{"start":{"line":41,"column":23},"end":{"line":44,"column":null}},"24":{"start":{"line":42,"column":4},"end":{"line":42,"column":null}},"25":{"start":{"line":43,"column":4},"end":{"line":43,"column":null}},"26":{"start":{"line":43,"column":37},"end":{"line":43,"column":48}},"27":{"start":{"line":46,"column":2},"end":{"line":107,"column":null}},"28":{"start":{"line":67,"column":29},"end":{"line":67,"column":null}},"29":{"start":{"line":85,"column":12},"end":{"line":103,"column":null}},"30":{"start":{"line":92,"column":41},"end":{"line":92,"column":63}}},"fnMap":{"0":{"name":"MemoryPanel","decl":{"start":{"line":5,"column":24},"end":{"line":5,"column":38}},"loc":{"start":{"line":5,"column":38},"end":{"line":109,"column":null}},"line":5},"1":{"name":"(anonymous_1)","decl":{"start":{"line":10,"column":2},"end":{"line":10,"column":18}},"loc":{"start":{"line":10,"column":18},"end":{"line":12,"column":5}},"line":10},"2":{"name":"(anonymous_2)","decl":{"start":{"line":14,"column":24},"end":{"line":14,"column":36}},"loc":{"start":{"line":14,"column":36},"end":{"line":23,"column":null}},"line":14},"3":{"name":"(anonymous_3)","decl":{"start":{"line":25,"column":23},"end":{"line":25,"column":30}},"loc":{"start":{"line":25,"column":53},"end":{"line":39,"column":null}},"line":25},"4":{"name":"(anonymous_4)","decl":{"start":{"line":41,"column":23},"end":{"line":41,"column":30}},"loc":{"start":{"line":41,"column":45},"end":{"line":44,"column":null}},"line":41},"5":{"name":"(anonymous_5)","decl":{"start":{"line":43,"column":25},"end":{"line":43,"column":32}},"loc":{"start":{"line":43,"column":37},"end":{"line":43,"column":48}},"line":43},"6":{"name":"(anonymous_6)","decl":{"start":{"line":67,"column":12},"end":{"line":67,"column":23}},"loc":{"start":{"line":67,"column":29},"end":{"line":67,"column":null}},"line":67},"7":{"name":"(anonymous_7)","decl":{"start":{"line":84,"column":19},"end":{"line":84,"column":23}},"loc":{"start":{"line":85,"column":12},"end":{"line":103,"column":null}},"line":85},"8":{"name":"(anonymous_8)","decl":{"start":{"line":92,"column":26},"end":{"line":92,"column":41}},"loc":{"start":{"line":92,"column":41},"end":{"line":92,"column":63}},"line":92}},"branchMap":{"0":{"loc":{"start":{"line":27,"column":4},"end":{"line":30,"column":null}},"type":"if","locations":[{"start":{"line":27,"column":4},"end":{"line":30,"column":null}},{"start":{},"end":{}}],"line":27},"1":{"loc":{"start":{"line":75,"column":9},"end":{"line":104,"column":null}},"type":"cond-expr","locations":[{"start":{"line":76,"column":10},"end":{"line":79,"column":21}},{"start":{"line":79,"column":12},"end":{"line":104,"column":null}}],"line":75},"2":{"loc":{"start":{"line":79,"column":12},"end":{"line":104,"column":null}},"type":"cond-expr","locations":[{"start":{"line":80,"column":10},"end":{"line":84,"column":19}},{"start":{"line":84,"column":10},"end":{"line":104,"column":null}}],"line":79}},"s":{"0":2,"1":2,"2":2,"3":2,"4":1,"5":2,"6":1,"7":1,"8":1,"9":1,"10":0,"11":1,"12":2,"13":0,"14":0,"15":0,"16":0,"17":0,"18":0,"19":0,"20":0,"21":0,"22":0,"23":2,"24":0,"25":0,"26":0,"27":2,"28":0,"29":0,"30":0},"f":{"0":2,"1":1,"2":1,"3":0,"4":0,"5":0,"6":0,"7":0,"8":0},"b":{"0":[0,0],"1":[1,1],"2":[1,0]},"meta":{"lastBranch":3,"lastFunction":9,"lastStatement":31,"seen":{"f:5:24:5:38":0,"s:6:19:6:Infinity":0,"s:7:18:7:Infinity":1,"s:8:17:8:Infinity":2,"s:10:2:12:Infinity":3,"f:10:2:10:18":1,"s:11:4:11:Infinity":4,"s:14:24:23:Infinity":5,"f:14:24:14:36":2,"s:15:4:15:Infinity":6,"s:16:4:21:Infinity":7,"s:17:19:17:Infinity":8,"s:18:6:18:Infinity":9,"s:20:6:20:Infinity":10,"s:22:4:22:Infinity":11,"s:25:23:39:Infinity":12,"f:25:23:25:30":3,"s:26:4:26:Infinity":13,"b:27:4:30:Infinity:undefined:undefined:undefined:undefined":0,"s:27:4:30:Infinity":14,"s:28:6:28:Infinity":15,"s:29:6:29:Infinity":16,"s:31:4:31:Infinity":17,"s:32:4:37:Infinity":18,"s:33:19:33:Infinity":19,"s:34:6:34:Infinity":20,"s:36:6:36:Infinity":21,"s:38:4:38:Infinity":22,"s:41:23:44:Infinity":23,"f:41:23:41:30":4,"s:42:4:42:Infinity":24,"s:43:4:43:Infinity":25,"f:43:25:43:32":5,"s:43:37:43:48":26,"s:46:2:107:Infinity":27,"f:67:12:67:23":6,"s:67:29:67:Infinity":28,"b:76:10:79:21:79:12:104:Infinity":1,"b:80:10:84:19:84:10:104:Infinity":2,"f:84:19:84:23":7,"s:85:12:103:Infinity":29,"f:92:26:92:41":8,"s:92:41:92:63":30},"fnNames":{}}}
}
